f:\man7242\kernelyt\kernelcheatum\x64\release\vc143.pdb
f:\man7242\kernelyt\kernelcheatum\x64\release\main.obj
c:\users\admin\downloads\kernelyt\x64\release\kernelcheatum.ipdb
c:\users\admin\downloads\kernelyt\x64\release\kernelcheatum.iobj
f:\man7242\kernelyt\kernelcheatum\x64\release\kernelcheatum.ipdb
f:\man7242\kernelyt\kernelcheatum\x64\release\kernelcheatum.iobj
f:\man7242\kernelyt\kernelcheatum\x64\release\vc142.pdb
f:\man7242\kernelyt\x64\release\kernelcheatum.pdb
f:\man7242\kernelyt\kernelcheatum\x64\release\kernelcheatum.tlog\cl.command.1.tlog
f:\man7242\kernelyt\kernelcheatum\x64\release\kernelcheatum.tlog\cl.items.tlog
f:\man7242\kernelyt\kernelcheatum\x64\release\kernelcheatum.tlog\cl.read.1.tlog
f:\man7242\kernelyt\kernelcheatum\x64\release\kernelcheatum.tlog\cl.write.1.tlog
f:\man7242\kernelyt\kernelcheatum\x64\release\kernelcheatum.tlog\kernelcheatum.write.1u.tlog
f:\man7242\kernelyt\kernelcheatum\x64\release\kernelcheatum.tlog\link-cvtres.read.1.tlog
f:\man7242\kernelyt\kernelcheatum\x64\release\kernelcheatum.tlog\link-cvtres.write.1.tlog
f:\man7242\kernelyt\kernelcheatum\x64\release\kernelcheatum.tlog\link-rc.read.1.tlog
f:\man7242\kernelyt\kernelcheatum\x64\release\kernelcheatum.tlog\link-rc.write.1.tlog
f:\man7242\kernelyt\kernelcheatum\x64\release\kernelcheatum.tlog\link.command.1.tlog
f:\man7242\kernelyt\kernelcheatum\x64\release\kernelcheatum.tlog\link.read.1.tlog
f:\man7242\kernelyt\kernelcheatum\x64\release\kernelcheatum.tlog\link.read.6.tlog
f:\man7242\kernelyt\kernelcheatum\x64\release\kernelcheatum.tlog\link.write.1.tlog
f:\man7242\kernelyt\kernelcheatum\x64\release\kernelcheatum.tlog\link.write.2u.tlog
